<?xml version="1.0" encoding="UTF-8"?>
<testsuite name="com.kenzie.appserver.service.ExampleServiceTest" tests="2" skipped="0" failures="0" errors="0" timestamp="2023-04-12T20:25:07" hostname="DESKTOP-8SMMIEK" time="0.181">
  <properties/>
  <testcase name="findById()" classname="com.kenzie.appserver.service.ExampleServiceTest" time="0.178"/>
  <testcase name="findByConcertId_invalid()" classname="com.kenzie.appserver.service.ExampleServiceTest" time="0.002"/>
  <system-out><![CDATA[]]></system-out>
  <system-err><![CDATA[]]></system-err>
</testsuite>
