<?xml version="1.0" encoding="UTF-8"?>
<testsuite name="com.kenzie.appserver.service.ExampleServiceTest" tests="2" skipped="0" failures="0" errors="0" timestamp="2023-04-11T21:12:57" hostname="BLAKE-PC" time="0.216">
  <properties/>
  <testcase name="findById()" classname="com.kenzie.appserver.service.ExampleServiceTest" time="0.213"/>
  <testcase name="findByConcertId_invalid()" classname="com.kenzie.appserver.service.ExampleServiceTest" time="0.003"/>
  <system-out><![CDATA[]]></system-out>
  <system-err><![CDATA[]]></system-err>
</testsuite>
